[debug] [2024-07-08T22:35:56.475Z] ----------------------------------------------------------------------
[debug] [2024-07-08T22:35:56.479Z] Command:       C:\Program Files\nodejs\node.exe C:\Users\Jason.Cornell\AppData\Roaming\npm\node_modules\firebase-tools\lib\bin\firebase.js deploy
[debug] [2024-07-08T22:35:56.480Z] CLI Version:   13.13.0
[debug] [2024-07-08T22:35:56.480Z] Platform:      win32
[debug] [2024-07-08T22:35:56.480Z] Node Version:  v21.4.0
[debug] [2024-07-08T22:35:56.480Z] Time:          Mon Jul 08 2024 15:35:56 GMT-0700 (Pacific Daylight Time)
[debug] [2024-07-08T22:35:56.481Z] ----------------------------------------------------------------------
[debug] 
[debug] [2024-07-08T22:35:56.579Z] > command requires scopes: ["email","openid","https://www.googleapis.com/auth/cloudplatformprojects.readonly","https://www.googleapis.com/auth/firebase","https://www.googleapis.com/auth/cloud-platform"]
[debug] [2024-07-08T22:35:56.579Z] > authorizing via signed-in user (jason.cornell925@gmail.com)
[debug] [2024-07-08T22:35:56.580Z] [iam] checking project aura-86da0 for permissions ["cloudfunctions.functions.create","cloudfunctions.functions.delete","cloudfunctions.functions.get","cloudfunctions.functions.list","cloudfunctions.functions.update","cloudfunctions.operations.get","datastore.indexes.create","datastore.indexes.delete","datastore.indexes.list","datastore.indexes.update","firebase.projects.get","firebasehosting.sites.update"]
[debug] [2024-07-08T22:35:56.582Z] >>> [apiv2][query] POST https://cloudresourcemanager.googleapis.com/v1/projects/aura-86da0:testIamPermissions [none]
[debug] [2024-07-08T22:35:56.582Z] >>> [apiv2][(partial)header] POST https://cloudresourcemanager.googleapis.com/v1/projects/aura-86da0:testIamPermissions x-goog-quota-user=projects/aura-86da0
[debug] [2024-07-08T22:35:56.582Z] >>> [apiv2][body] POST https://cloudresourcemanager.googleapis.com/v1/projects/aura-86da0:testIamPermissions {"permissions":["cloudfunctions.functions.create","cloudfunctions.functions.delete","cloudfunctions.functions.get","cloudfunctions.functions.list","cloudfunctions.functions.update","cloudfunctions.operations.get","datastore.indexes.create","datastore.indexes.delete","datastore.indexes.list","datastore.indexes.update","firebase.projects.get","firebasehosting.sites.update"]}
[debug] [2024-07-08T22:35:56.879Z] <<< [apiv2][status] POST https://cloudresourcemanager.googleapis.com/v1/projects/aura-86da0:testIamPermissions 200
[debug] [2024-07-08T22:35:56.879Z] <<< [apiv2][body] POST https://cloudresourcemanager.googleapis.com/v1/projects/aura-86da0:testIamPermissions {"permissions":["cloudfunctions.functions.create","cloudfunctions.functions.delete","cloudfunctions.functions.get","cloudfunctions.functions.list","cloudfunctions.functions.update","cloudfunctions.operations.get","datastore.indexes.create","datastore.indexes.delete","datastore.indexes.list","datastore.indexes.update","firebase.projects.get","firebasehosting.sites.update"]}
[debug] [2024-07-08T22:35:56.880Z] >>> [apiv2][query] POST https://iam.googleapis.com/v1/projects/aura-86da0/serviceAccounts/aura-86da0@appspot.gserviceaccount.com:testIamPermissions [none]
[debug] [2024-07-08T22:35:56.880Z] >>> [apiv2][body] POST https://iam.googleapis.com/v1/projects/aura-86da0/serviceAccounts/aura-86da0@appspot.gserviceaccount.com:testIamPermissions {"permissions":["iam.serviceAccounts.actAs"]}
[debug] [2024-07-08T22:35:57.195Z] <<< [apiv2][status] POST https://iam.googleapis.com/v1/projects/aura-86da0/serviceAccounts/aura-86da0@appspot.gserviceaccount.com:testIamPermissions 200
[debug] [2024-07-08T22:35:57.195Z] <<< [apiv2][body] POST https://iam.googleapis.com/v1/projects/aura-86da0/serviceAccounts/aura-86da0@appspot.gserviceaccount.com:testIamPermissions {"permissions":["iam.serviceAccounts.actAs"]}
[debug] [2024-07-08T22:35:57.196Z] >>> [apiv2][query] GET https://firebase.googleapis.com/v1beta1/projects/aura-86da0 [none]
[debug] [2024-07-08T22:35:57.501Z] <<< [apiv2][status] GET https://firebase.googleapis.com/v1beta1/projects/aura-86da0 200
[debug] [2024-07-08T22:35:57.501Z] <<< [apiv2][body] GET https://firebase.googleapis.com/v1beta1/projects/aura-86da0 {"projectId":"aura-86da0","projectNumber":"475135530207","displayName":"Aura","name":"projects/aura-86da0","resources":{"hostingSite":"aura-86da0"},"state":"ACTIVE","etag":"1_16b3efeb-6993-4459-b8f7-6382f08682a0"}
[info] 
[info] === Deploying to 'aura-86da0'...
[info] 
[info] i  deploying firestore, functions, hosting 
[info] i  firestore: reading indexes from firestore.indexes.json... 
[info] i  cloud.firestore: checking firestore.rules for compilation errors... 
[debug] [2024-07-08T22:35:57.519Z] >>> [apiv2][query] POST https://firebaserules.googleapis.com/v1/projects/aura-86da0:test [none]
[debug] [2024-07-08T22:35:57.519Z] >>> [apiv2][body] POST https://firebaserules.googleapis.com/v1/projects/aura-86da0:test [omitted]
[debug] [2024-07-08T22:35:57.764Z] <<< [apiv2][status] POST https://firebaserules.googleapis.com/v1/projects/aura-86da0:test 200
[debug] [2024-07-08T22:35:57.765Z] <<< [apiv2][body] POST https://firebaserules.googleapis.com/v1/projects/aura-86da0:test {}
[info] +  cloud.firestore: rules file firestore.rules compiled successfully 
[debug] [2024-07-08T22:35:57.768Z] >>> [apiv2][query] GET https://firebase.googleapis.com/v1beta1/projects/aura-86da0 [none]
[debug] [2024-07-08T22:35:57.931Z] <<< [apiv2][status] GET https://firebase.googleapis.com/v1beta1/projects/aura-86da0 200
[debug] [2024-07-08T22:35:57.932Z] <<< [apiv2][body] GET https://firebase.googleapis.com/v1beta1/projects/aura-86da0 {"projectId":"aura-86da0","projectNumber":"475135530207","displayName":"Aura","name":"projects/aura-86da0","resources":{"hostingSite":"aura-86da0"},"state":"ACTIVE","etag":"1_16b3efeb-6993-4459-b8f7-6382f08682a0"}
[info] i  functions: preparing codebase default for deployment 
[info] i  functions: ensuring required API cloudfunctions.googleapis.com is enabled... 
[info] i  functions: ensuring required API cloudbuild.googleapis.com is enabled... 
[info] i  artifactregistry: ensuring required API artifactregistry.googleapis.com is enabled... 
[debug] [2024-07-08T22:35:57.937Z] >>> [apiv2][query] GET https://serviceusage.googleapis.com/v1/projects/aura-86da0/services/cloudfunctions.googleapis.com [none]
[debug] [2024-07-08T22:35:57.937Z] >>> [apiv2][(partial)header] GET https://serviceusage.googleapis.com/v1/projects/aura-86da0/services/cloudfunctions.googleapis.com x-goog-quota-user=projects/aura-86da0
[debug] [2024-07-08T22:35:57.938Z] >>> [apiv2][query] GET https://serviceusage.googleapis.com/v1/projects/aura-86da0/services/runtimeconfig.googleapis.com [none]
[debug] [2024-07-08T22:35:57.938Z] >>> [apiv2][(partial)header] GET https://serviceusage.googleapis.com/v1/projects/aura-86da0/services/runtimeconfig.googleapis.com x-goog-quota-user=projects/aura-86da0
[debug] [2024-07-08T22:35:57.940Z] >>> [apiv2][query] GET https://serviceusage.googleapis.com/v1/projects/aura-86da0/services/cloudbuild.googleapis.com [none]
[debug] [2024-07-08T22:35:57.940Z] >>> [apiv2][(partial)header] GET https://serviceusage.googleapis.com/v1/projects/aura-86da0/services/cloudbuild.googleapis.com x-goog-quota-user=projects/aura-86da0
[debug] [2024-07-08T22:35:57.941Z] >>> [apiv2][query] GET https://serviceusage.googleapis.com/v1/projects/aura-86da0/services/artifactregistry.googleapis.com [none]
[debug] [2024-07-08T22:35:57.941Z] >>> [apiv2][(partial)header] GET https://serviceusage.googleapis.com/v1/projects/aura-86da0/services/artifactregistry.googleapis.com x-goog-quota-user=projects/aura-86da0
[debug] [2024-07-08T22:35:58.141Z] <<< [apiv2][status] GET https://serviceusage.googleapis.com/v1/projects/aura-86da0/services/artifactregistry.googleapis.com 200
[debug] [2024-07-08T22:35:58.142Z] <<< [apiv2][body] GET https://serviceusage.googleapis.com/v1/projects/aura-86da0/services/artifactregistry.googleapis.com [omitted]
[info] +  artifactregistry: required API artifactregistry.googleapis.com is enabled 
[debug] [2024-07-08T22:35:58.316Z] <<< [apiv2][status] GET https://serviceusage.googleapis.com/v1/projects/aura-86da0/services/runtimeconfig.googleapis.com 200
[debug] [2024-07-08T22:35:58.316Z] <<< [apiv2][body] GET https://serviceusage.googleapis.com/v1/projects/aura-86da0/services/runtimeconfig.googleapis.com [omitted]
[debug] [2024-07-08T22:35:58.319Z] <<< [apiv2][status] GET https://serviceusage.googleapis.com/v1/projects/aura-86da0/services/cloudfunctions.googleapis.com 200
[debug] [2024-07-08T22:35:58.319Z] <<< [apiv2][body] GET https://serviceusage.googleapis.com/v1/projects/aura-86da0/services/cloudfunctions.googleapis.com [omitted]
[info] +  functions: required API cloudfunctions.googleapis.com is enabled 
[debug] [2024-07-08T22:35:58.350Z] <<< [apiv2][status] GET https://serviceusage.googleapis.com/v1/projects/aura-86da0/services/cloudbuild.googleapis.com 200
[debug] [2024-07-08T22:35:58.350Z] <<< [apiv2][body] GET https://serviceusage.googleapis.com/v1/projects/aura-86da0/services/cloudbuild.googleapis.com [omitted]
[info] +  functions: required API cloudbuild.googleapis.com is enabled 
[debug] [2024-07-08T22:35:58.351Z] >>> [apiv2][query] GET https://firebase.googleapis.com/v1beta1/projects/aura-86da0/adminSdkConfig [none]
[debug] [2024-07-08T22:35:58.471Z] <<< [apiv2][status] GET https://firebase.googleapis.com/v1beta1/projects/aura-86da0/adminSdkConfig 200
[debug] [2024-07-08T22:35:58.471Z] <<< [apiv2][body] GET https://firebase.googleapis.com/v1beta1/projects/aura-86da0/adminSdkConfig {"projectId":"aura-86da0","storageBucket":"aura-86da0.appspot.com"}
[debug] [2024-07-08T22:35:58.472Z] >>> [apiv2][query] GET https://runtimeconfig.googleapis.com/v1beta1/projects/aura-86da0/configs [none]
[debug] [2024-07-08T22:35:58.656Z] <<< [apiv2][status] GET https://runtimeconfig.googleapis.com/v1beta1/projects/aura-86da0/configs 200
[debug] [2024-07-08T22:35:58.656Z] <<< [apiv2][body] GET https://runtimeconfig.googleapis.com/v1beta1/projects/aura-86da0/configs {}
